<?xml version="1.0" encoding="UTF-8"?>
<!-- Generated by org.testng.reporters.JUnitXMLReporter -->
<testsuite ignored="6" hostname="DESKTOP-T82OV3Q" failures="0" tests="10" name="Test" time="51.706" errors="0" timestamp="26 Dec 2021 16:07:37 GMT">
  <testcase classname="com.testsuite.jgive.AdminLoginTest" name="adminlogin" time="1.393"/>
  <testcase classname="com.testsuite.jgive.AdminLoginTest" name="adminlogin" time="3.916"/>
  <testcase classname="com.testsuite.jgive.AdminDashboardTest" name="admindashboard" time="3.32"/>
  <testcase classname="com.testsuite.jgive.AdminIndividualDonorTest" name="adminindividualdonors" time="8.123"/>
  <testcase classname="com.testsuite.jgive.AdminIndividualDonorTest" name="adminindividualdonors" time="4.659"/>
  <testcase classname="com.testsuite.jgive.AdminIndividualDonorTest" name="adminindividualdonors" time="7.275"/>
  <testcase classname="com.testsuite.jgive.AdminIndividualDonorTest" name="adminindividualdonors" time="3.528"/>
  <testcase classname="com.testsuite.jgive.AdminOrganizationalDonorTest" name="adminorganizationaldonor" time="6.585"/>
  <testcase classname="com.testsuite.jgive.AdminOrganizationalDonorTest" name="adminorganizationaldonor" time="5.848"/>
  <testcase classname="com.testsuite.jgive.AdminOrganizationalDonorTest" name="adminorganizationaldonor" time="4.965"/>
  <testcase classname="com.config.jgive.BaseClass" name="@BeforeSuite setup" time="0.0">
    <ignored/>
  </testcase> <!-- @BeforeSuite setup -->
  <testcase classname="com.config.jgive.BaseClass" name="@BeforeSuite setup" time="0.0">
    <ignored/>
  </testcase> <!-- @BeforeSuite setup -->
  <testcase classname="com.config.jgive.BaseClass" name="@BeforeSuite setup" time="0.0">
    <ignored/>
  </testcase> <!-- @BeforeSuite setup -->
  <testcase classname="com.config.jgive.BaseClass" name="@AfterSuite tearDown" time="0.0">
    <ignored/>
  </testcase> <!-- @AfterSuite tearDown -->
  <testcase classname="com.config.jgive.BaseClass" name="@AfterSuite tearDown" time="0.0">
    <ignored/>
  </testcase> <!-- @AfterSuite tearDown -->
  <testcase classname="com.config.jgive.BaseClass" name="@AfterSuite tearDown" time="0.0">
    <ignored/>
  </testcase> <!-- @AfterSuite tearDown -->
</testsuite> <!-- Test -->
