<?xml version="1.0" encoding="UTF-8"?>
<testng-results ignored="6" total="16" passed="10" failed="0" skipped="0">
  <reporter-output>
  </reporter-output>
  <suite started-at="2021-12-26T16:06:46Z" name="Suite" finished-at="2021-12-26T16:07:37Z" duration-ms="51706">
    <groups>
    </groups>
    <test started-at="2021-12-26T16:06:46Z" name="Test" finished-at="2021-12-26T16:07:37Z" duration-ms="51706">
      <class name="com.testsuite.jgive.AdminDashboardTest">
        <test-method signature="admindashboard()[pri:0, instance:com.testsuite.jgive.AdminDashboardTest@a82c5f1]" started-at="2021-12-26T16:06:52Z" name="admindashboard" finished-at="2021-12-26T16:06:56Z" duration-ms="3320" status="PASS">
          <reporter-output>
          </reporter-output>
        </test-method> <!-- admindashboard -->
        <test-method is-config="true" signature="evaluateStatus(org.testng.ITestResult)[pri:0, instance:com.testsuite.jgive.AdminDashboardTest@a82c5f1]" started-at="2021-12-26T16:06:56Z" name="evaluateStatus" finished-at="2021-12-26T16:06:56Z" duration-ms="1" status="PASS">
          <params>
            <param index="0">
              <value>
                <![CDATA[[TestResult name=admindashboard status=SUCCESS method=AdminDashboardTest.admindashboard()[pri:0, instance:com.testsuite.jgive.AdminDashboardTest@a82c5f1] output={null}]]]>
              </value>
            </param>
          </params>
          <reporter-output>
          </reporter-output>
        </test-method> <!-- evaluateStatus -->
      </class> <!-- com.testsuite.jgive.AdminDashboardTest -->
      <class name="com.testsuite.jgive.AdminOrganizationalDonorTest">
        <test-method signature="adminorganizationaldonor(java.lang.String, java.lang.String, java.lang.String, java.lang.String, java.lang.String, java.lang.String, java.lang.String, java.lang.String, java.lang.String, java.lang.String, java.lang.String, java.lang.String, java.lang.String, java.lang.String, java.lang.String)[pri:0, instance:com.testsuite.jgive.AdminOrganizationalDonorTest@51c693d]" started-at="2021-12-26T16:07:20Z" name="adminorganizationaldonor" data-provider="adminorganizationaldonor" finished-at="2021-12-26T16:07:26Z" duration-ms="6585" status="PASS">
          <params>
            <param index="0">
              <value>
                <![CDATA[positive]]>
              </value>
            </param>
            <param index="1">
              <value>
                <![CDATA[Ankita]]>
              </value>
            </param>
            <param index="2">
              <value>
                <![CDATA[Tekdi Technologies]]>
              </value>
            </param>
            <param index="3">
              <value>
                <![CDATA[abcd@mailinator.com]]>
              </value>
            </param>
            <param index="4">
              <value>
                <![CDATA[]]>
              </value>
            </param>
            <param index="5">
              <value>
                <![CDATA[0721-456932]]>
              </value>
            </param>
            <param index="6">
              <value>
                <![CDATA[Shristi]]>
              </value>
            </param>
            <param index="7">
              <value>
                <![CDATA[wagholi]]>
              </value>
            </param>
            <param index="8">
              <value>
                <![CDATA[Baner]]>
              </value>
            </param>
            <param index="9">
              <value>
                <![CDATA[India]]>
              </value>
            </param>
            <param index="10">
              <value>
                <![CDATA[Uttar Pradesh]]>
              </value>
            </param>
            <param index="11">
              <value>
                <![CDATA[Allahabad]]>
              </value>
            </param>
            <param index="12">
              <value>
                <![CDATA[Ujjain]]>
              </value>
            </param>
            <param index="13">
              <value>
                <![CDATA[400002]]>
              </value>
            </param>
            <param index="14">
              <value>
                <![CDATA[7896]]>
              </value>
            </param>
          </params>
          <reporter-output>
          </reporter-output>
        </test-method> <!-- adminorganizationaldonor -->
        <test-method is-config="true" signature="evaluateStatus(org.testng.ITestResult)[pri:0, instance:com.testsuite.jgive.AdminOrganizationalDonorTest@51c693d]" started-at="2021-12-26T16:07:26Z" name="evaluateStatus" finished-at="2021-12-26T16:07:26Z" duration-ms="0" status="PASS">
          <params>
            <param index="0">
              <value>
                <![CDATA[[TestResult name=adminorganizationaldonor status=SUCCESS method=AdminOrganizationalDonorTest.adminorganizationaldonor(java.lang.String, java.lang.String, java.lang.String, java.lang.String, java.lang.String, java.lang.String, java.lang.String, java.lang.String, java.lang.String, java.lang.String, java.lang.String, java.lang.String, java.lang.String, java.lang.String, java.lang.String)[pri:0, instance:com.testsuite.jgive.AdminOrganizationalDonorTest@51c693d] output={null}]]]>
              </value>
            </param>
          </params>
          <reporter-output>
          </reporter-output>
        </test-method> <!-- evaluateStatus -->
        <test-method signature="adminorganizationaldonor(java.lang.String, java.lang.String, java.lang.String, java.lang.String, java.lang.String, java.lang.String, java.lang.String, java.lang.String, java.lang.String, java.lang.String, java.lang.String, java.lang.String, java.lang.String, java.lang.String, java.lang.String)[pri:0, instance:com.testsuite.jgive.AdminOrganizationalDonorTest@51c693d]" started-at="2021-12-26T16:07:26Z" name="adminorganizationaldonor" data-provider="adminorganizationaldonor" finished-at="2021-12-26T16:07:32Z" duration-ms="5848" status="PASS">
          <params>
            <param index="0">
              <value>
                <![CDATA[negative]]>
              </value>
            </param>
            <param index="1">
              <value>
                <![CDATA[Ankita]]>
              </value>
            </param>
            <param index="2">
              <value>
                <![CDATA[Wipro Technologies]]>
              </value>
            </param>
            <param index="3">
              <value>
                <![CDATA[wiprotechnologies.com]]>
              </value>
            </param>
            <param index="4">
              <value>
                <![CDATA[xyz123@gmail.com]]>
              </value>
            </param>
            <param index="5">
              <value>
                <![CDATA[]]>
              </value>
            </param>
            <param index="6">
              <value>
                <![CDATA[]]>
              </value>
            </param>
            <param index="7">
              <value>
                <![CDATA[Hinjewadi]]>
              </value>
            </param>
            <param index="8">
              <value>
                <![CDATA[Wakad]]>
              </value>
            </param>
            <param index="9">
              <value>
                <![CDATA[India]]>
              </value>
            </param>
            <param index="10">
              <value>
                <![CDATA[Uttar Pradesh]]>
              </value>
            </param>
            <param index="11">
              <value>
                <![CDATA[Allahabad]]>
              </value>
            </param>
            <param index="12">
              <value>
                <![CDATA[Ujjain]]>
              </value>
            </param>
            <param index="13">
              <value>
                <![CDATA[400002]]>
              </value>
            </param>
            <param index="14">
              <value>
                <![CDATA[7896]]>
              </value>
            </param>
          </params>
          <reporter-output>
          </reporter-output>
        </test-method> <!-- adminorganizationaldonor -->
        <test-method is-config="true" signature="evaluateStatus(org.testng.ITestResult)[pri:0, instance:com.testsuite.jgive.AdminOrganizationalDonorTest@51c693d]" started-at="2021-12-26T16:07:32Z" name="evaluateStatus" finished-at="2021-12-26T16:07:32Z" duration-ms="0" status="PASS">
          <params>
            <param index="0">
              <value>
                <![CDATA[[TestResult name=adminorganizationaldonor status=SUCCESS method=AdminOrganizationalDonorTest.adminorganizationaldonor(java.lang.String, java.lang.String, java.lang.String, java.lang.String, java.lang.String, java.lang.String, java.lang.String, java.lang.String, java.lang.String, java.lang.String, java.lang.String, java.lang.String, java.lang.String, java.lang.String, java.lang.String)[pri:0, instance:com.testsuite.jgive.AdminOrganizationalDonorTest@51c693d] output={null}]]]>
              </value>
            </param>
          </params>
          <reporter-output>
          </reporter-output>
        </test-method> <!-- evaluateStatus -->
        <test-method signature="adminorganizationaldonor(java.lang.String, java.lang.String, java.lang.String, java.lang.String, java.lang.String, java.lang.String, java.lang.String, java.lang.String, java.lang.String, java.lang.String, java.lang.String, java.lang.String, java.lang.String, java.lang.String, java.lang.String)[pri:0, instance:com.testsuite.jgive.AdminOrganizationalDonorTest@51c693d]" started-at="2021-12-26T16:07:32Z" name="adminorganizationaldonor" data-provider="adminorganizationaldonor" finished-at="2021-12-26T16:07:37Z" duration-ms="4965" status="PASS">
          <params>
            <param index="0">
              <value>
                <![CDATA[listview]]>
              </value>
            </param>
            <param index="1">
              <value>
                <![CDATA[]]>
              </value>
            </param>
            <param index="2">
              <value>
                <![CDATA[Tekdi Technologies]]>
              </value>
            </param>
            <param index="3">
              <value>
                <![CDATA[]]>
              </value>
            </param>
            <param index="4">
              <value>
                <![CDATA[]]>
              </value>
            </param>
            <param index="5">
              <value>
                <![CDATA[]]>
              </value>
            </param>
            <param index="6">
              <value>
                <![CDATA[]]>
              </value>
            </param>
            <param index="7">
              <value>
                <![CDATA[]]>
              </value>
            </param>
            <param index="8">
              <value>
                <![CDATA[]]>
              </value>
            </param>
            <param index="9">
              <value>
                <![CDATA[]]>
              </value>
            </param>
            <param index="10">
              <value>
                <![CDATA[]]>
              </value>
            </param>
            <param index="11">
              <value>
                <![CDATA[]]>
              </value>
            </param>
            <param index="12">
              <value>
                <![CDATA[]]>
              </value>
            </param>
            <param index="13">
              <value>
                <![CDATA[]]>
              </value>
            </param>
            <param index="14">
              <value>
                <![CDATA[]]>
              </value>
            </param>
          </params>
          <reporter-output>
          </reporter-output>
        </test-method> <!-- adminorganizationaldonor -->
        <test-method is-config="true" signature="evaluateStatus(org.testng.ITestResult)[pri:0, instance:com.testsuite.jgive.AdminOrganizationalDonorTest@51c693d]" started-at="2021-12-26T16:07:37Z" name="evaluateStatus" finished-at="2021-12-26T16:07:37Z" duration-ms="0" status="PASS">
          <params>
            <param index="0">
              <value>
                <![CDATA[[TestResult name=adminorganizationaldonor status=SUCCESS method=AdminOrganizationalDonorTest.adminorganizationaldonor(java.lang.String, java.lang.String, java.lang.String, java.lang.String, java.lang.String, java.lang.String, java.lang.String, java.lang.String, java.lang.String, java.lang.String, java.lang.String, java.lang.String, java.lang.String, java.lang.String, java.lang.String)[pri:0, instance:com.testsuite.jgive.AdminOrganizationalDonorTest@51c693d] output={null}]]]>
              </value>
            </param>
          </params>
          <reporter-output>
          </reporter-output>
        </test-method> <!-- evaluateStatus -->
      </class> <!-- com.testsuite.jgive.AdminOrganizationalDonorTest -->
      <class name="com.testsuite.jgive.AdminIndividualDonorTest">
        <test-method signature="adminindividualdonors(java.lang.String, java.lang.String, java.lang.String, java.lang.String, java.lang.String, java.lang.String, java.lang.String, java.lang.String, java.lang.String, java.lang.String, java.lang.String, java.lang.String, java.lang.String, java.lang.String, java.lang.String)[pri:0, instance:com.testsuite.jgive.AdminIndividualDonorTest@7b7fdc8]" started-at="2021-12-26T16:06:56Z" name="adminindividualdonors" data-provider="adminindividualdonors" finished-at="2021-12-26T16:07:04Z" duration-ms="8123" status="PASS">
          <params>
            <param index="0">
              <value>
                <![CDATA[positive]]>
              </value>
            </param>
            <param index="1">
              <value>
                <![CDATA[Ankita]]>
              </value>
            </param>
            <param index="2">
              <value>
                <![CDATA[Ankush]]>
              </value>
            </param>
            <param index="3">
              <value>
                <![CDATA[Patodi]]>
              </value>
            </param>
            <param index="4">
              <value>
                <![CDATA[mona.ahirwar07@gmail.com]]>
              </value>
            </param>
            <param index="5">
              <value>
                <![CDATA[8963547894]]>
              </value>
            </param>
            <param index="6">
              <value>
                <![CDATA[abcd]]>
              </value>
            </param>
            <param index="7">
              <value>
                <![CDATA[wxyz]]>
              </value>
            </param>
            <param index="8">
              <value>
                <![CDATA[India]]>
              </value>
            </param>
            <param index="9">
              <value>
                <![CDATA[Uttar Pradesh]]>
              </value>
            </param>
            <param index="10">
              <value>
                <![CDATA[Allahabad]]>
              </value>
            </param>
            <param index="11">
              <value>
                <![CDATA[Bhopal]]>
              </value>
            </param>
            <param index="12">
              <value>
                <![CDATA[425896]]>
              </value>
            </param>
            <param index="13">
              <value>
                <![CDATA[7896]]>
              </value>
            </param>
            <param index="14">
              <value>
                <![CDATA[Ankush]]>
              </value>
            </param>
          </params>
          <reporter-output>
          </reporter-output>
        </test-method> <!-- adminindividualdonors -->
        <test-method is-config="true" signature="evaluateStatus(org.testng.ITestResult)[pri:0, instance:com.testsuite.jgive.AdminIndividualDonorTest@7b7fdc8]" started-at="2021-12-26T16:07:04Z" name="evaluateStatus" finished-at="2021-12-26T16:07:04Z" duration-ms="2" status="PASS">
          <params>
            <param index="0">
              <value>
                <![CDATA[[TestResult name=adminindividualdonors status=SUCCESS method=AdminIndividualDonorTest.adminindividualdonors(java.lang.String, java.lang.String, java.lang.String, java.lang.String, java.lang.String, java.lang.String, java.lang.String, java.lang.String, java.lang.String, java.lang.String, java.lang.String, java.lang.String, java.lang.String, java.lang.String, java.lang.String)[pri:0, instance:com.testsuite.jgive.AdminIndividualDonorTest@7b7fdc8] output={null}]]]>
              </value>
            </param>
          </params>
          <reporter-output>
          </reporter-output>
        </test-method> <!-- evaluateStatus -->
        <test-method signature="adminindividualdonors(java.lang.String, java.lang.String, java.lang.String, java.lang.String, java.lang.String, java.lang.String, java.lang.String, java.lang.String, java.lang.String, java.lang.String, java.lang.String, java.lang.String, java.lang.String, java.lang.String, java.lang.String)[pri:0, instance:com.testsuite.jgive.AdminIndividualDonorTest@7b7fdc8]" started-at="2021-12-26T16:07:04Z" name="adminindividualdonors" data-provider="adminindividualdonors" finished-at="2021-12-26T16:07:09Z" duration-ms="4659" status="PASS">
          <params>
            <param index="0">
              <value>
                <![CDATA[negative]]>
              </value>
            </param>
            <param index="1">
              <value>
                <![CDATA[Ankita]]>
              </value>
            </param>
            <param index="2">
              <value>
                <![CDATA[Vinayak]]>
              </value>
            </param>
            <param index="3">
              <value>
                <![CDATA[Sharma]]>
              </value>
            </param>
            <param index="4">
              <value>
                <![CDATA[abc1234@gmail.com]]>
              </value>
            </param>
            <param index="5">
              <value>
                <![CDATA[89567259]]>
              </value>
            </param>
            <param index="6">
              <value>
                <![CDATA[Capriccio]]>
              </value>
            </param>
            <param index="7">
              <value>
                <![CDATA[wxyz]]>
              </value>
            </param>
            <param index="8">
              <value>
                <![CDATA[India]]>
              </value>
            </param>
            <param index="9">
              <value>
                <![CDATA[Goa]]>
              </value>
            </param>
            <param index="10">
              <value>
                <![CDATA[Bhopal]]>
              </value>
            </param>
            <param index="11">
              <value>
                <![CDATA[Indore]]>
              </value>
            </param>
            <param index="12">
              <value>
                <![CDATA[459632]]>
              </value>
            </param>
            <param index="13">
              <value>
                <![CDATA[7891]]>
              </value>
            </param>
            <param index="14">
              <value>
                <![CDATA[]]>
              </value>
            </param>
          </params>
          <reporter-output>
          </reporter-output>
        </test-method> <!-- adminindividualdonors -->
        <test-method is-config="true" signature="evaluateStatus(org.testng.ITestResult)[pri:0, instance:com.testsuite.jgive.AdminIndividualDonorTest@7b7fdc8]" started-at="2021-12-26T16:07:09Z" name="evaluateStatus" finished-at="2021-12-26T16:07:09Z" duration-ms="1" status="PASS">
          <params>
            <param index="0">
              <value>
                <![CDATA[[TestResult name=adminindividualdonors status=SUCCESS method=AdminIndividualDonorTest.adminindividualdonors(java.lang.String, java.lang.String, java.lang.String, java.lang.String, java.lang.String, java.lang.String, java.lang.String, java.lang.String, java.lang.String, java.lang.String, java.lang.String, java.lang.String, java.lang.String, java.lang.String, java.lang.String)[pri:0, instance:com.testsuite.jgive.AdminIndividualDonorTest@7b7fdc8] output={null}]]]>
              </value>
            </param>
          </params>
          <reporter-output>
          </reporter-output>
        </test-method> <!-- evaluateStatus -->
        <test-method signature="adminindividualdonors(java.lang.String, java.lang.String, java.lang.String, java.lang.String, java.lang.String, java.lang.String, java.lang.String, java.lang.String, java.lang.String, java.lang.String, java.lang.String, java.lang.String, java.lang.String, java.lang.String, java.lang.String)[pri:0, instance:com.testsuite.jgive.AdminIndividualDonorTest@7b7fdc8]" started-at="2021-12-26T16:07:09Z" name="adminindividualdonors" data-provider="adminindividualdonors" finished-at="2021-12-26T16:07:16Z" duration-ms="7275" status="PASS">
          <params>
            <param index="0">
              <value>
                <![CDATA[negative]]>
              </value>
            </param>
            <param index="1">
              <value>
                <![CDATA[Ankita]]>
              </value>
            </param>
            <param index="2">
              <value>
                <![CDATA[]]>
              </value>
            </param>
            <param index="3">
              <value>
                <![CDATA[]]>
              </value>
            </param>
            <param index="4">
              <value>
                <![CDATA[]]>
              </value>
            </param>
            <param index="5">
              <value>
                <![CDATA[]]>
              </value>
            </param>
            <param index="6">
              <value>
                <![CDATA[]]>
              </value>
            </param>
            <param index="7">
              <value>
                <![CDATA[]]>
              </value>
            </param>
            <param index="8">
              <value>
                <![CDATA[India]]>
              </value>
            </param>
            <param index="9">
              <value>
                <![CDATA[Goa]]>
              </value>
            </param>
            <param index="10">
              <value>
                <![CDATA[Bhopal]]>
              </value>
            </param>
            <param index="11">
              <value>
                <![CDATA[]]>
              </value>
            </param>
            <param index="12">
              <value>
                <![CDATA[]]>
              </value>
            </param>
            <param index="13">
              <value>
                <![CDATA[]]>
              </value>
            </param>
            <param index="14">
              <value>
                <![CDATA[]]>
              </value>
            </param>
          </params>
          <reporter-output>
          </reporter-output>
        </test-method> <!-- adminindividualdonors -->
        <test-method is-config="true" signature="evaluateStatus(org.testng.ITestResult)[pri:0, instance:com.testsuite.jgive.AdminIndividualDonorTest@7b7fdc8]" started-at="2021-12-26T16:07:16Z" name="evaluateStatus" finished-at="2021-12-26T16:07:16Z" duration-ms="0" status="PASS">
          <params>
            <param index="0">
              <value>
                <![CDATA[[TestResult name=adminindividualdonors status=SUCCESS method=AdminIndividualDonorTest.adminindividualdonors(java.lang.String, java.lang.String, java.lang.String, java.lang.String, java.lang.String, java.lang.String, java.lang.String, java.lang.String, java.lang.String, java.lang.String, java.lang.String, java.lang.String, java.lang.String, java.lang.String, java.lang.String)[pri:0, instance:com.testsuite.jgive.AdminIndividualDonorTest@7b7fdc8] output={null}]]]>
              </value>
            </param>
          </params>
          <reporter-output>
          </reporter-output>
        </test-method> <!-- evaluateStatus -->
        <test-method signature="adminindividualdonors(java.lang.String, java.lang.String, java.lang.String, java.lang.String, java.lang.String, java.lang.String, java.lang.String, java.lang.String, java.lang.String, java.lang.String, java.lang.String, java.lang.String, java.lang.String, java.lang.String, java.lang.String)[pri:0, instance:com.testsuite.jgive.AdminIndividualDonorTest@7b7fdc8]" started-at="2021-12-26T16:07:16Z" name="adminindividualdonors" data-provider="adminindividualdonors" finished-at="2021-12-26T16:07:20Z" duration-ms="3528" status="PASS">
          <params>
            <param index="0">
              <value>
                <![CDATA[listview]]>
              </value>
            </param>
            <param index="1">
              <value>
                <![CDATA[]]>
              </value>
            </param>
            <param index="2">
              <value>
                <![CDATA[]]>
              </value>
            </param>
            <param index="3">
              <value>
                <![CDATA[]]>
              </value>
            </param>
            <param index="4">
              <value>
                <![CDATA[]]>
              </value>
            </param>
            <param index="5">
              <value>
                <![CDATA[]]>
              </value>
            </param>
            <param index="6">
              <value>
                <![CDATA[]]>
              </value>
            </param>
            <param index="7">
              <value>
                <![CDATA[]]>
              </value>
            </param>
            <param index="8">
              <value>
                <![CDATA[]]>
              </value>
            </param>
            <param index="9">
              <value>
                <![CDATA[]]>
              </value>
            </param>
            <param index="10">
              <value>
                <![CDATA[]]>
              </value>
            </param>
            <param index="11">
              <value>
                <![CDATA[]]>
              </value>
            </param>
            <param index="12">
              <value>
                <![CDATA[]]>
              </value>
            </param>
            <param index="13">
              <value>
                <![CDATA[]]>
              </value>
            </param>
            <param index="14">
              <value>
                <![CDATA[Vaishali]]>
              </value>
            </param>
          </params>
          <reporter-output>
          </reporter-output>
        </test-method> <!-- adminindividualdonors -->
        <test-method is-config="true" signature="evaluateStatus(org.testng.ITestResult)[pri:0, instance:com.testsuite.jgive.AdminIndividualDonorTest@7b7fdc8]" started-at="2021-12-26T16:07:20Z" name="evaluateStatus" finished-at="2021-12-26T16:07:20Z" duration-ms="1" status="PASS">
          <params>
            <param index="0">
              <value>
                <![CDATA[[TestResult name=adminindividualdonors status=SUCCESS method=AdminIndividualDonorTest.adminindividualdonors(java.lang.String, java.lang.String, java.lang.String, java.lang.String, java.lang.String, java.lang.String, java.lang.String, java.lang.String, java.lang.String, java.lang.String, java.lang.String, java.lang.String, java.lang.String, java.lang.String, java.lang.String)[pri:0, instance:com.testsuite.jgive.AdminIndividualDonorTest@7b7fdc8] output={null}]]]>
              </value>
            </param>
          </params>
          <reporter-output>
          </reporter-output>
        </test-method> <!-- evaluateStatus -->
      </class> <!-- com.testsuite.jgive.AdminIndividualDonorTest -->
      <class name="com.testsuite.jgive.AdminLoginTest">
        <test-method is-config="true" signature="setup()[pri:0, instance:com.testsuite.jgive.AdminLoginTest@37fb0bed]" started-at="2021-12-26T16:06:39Z" name="setup" finished-at="2021-12-26T16:06:46Z" duration-ms="7082" status="PASS">
          <reporter-output>
          </reporter-output>
        </test-method> <!-- setup -->
        <test-method signature="adminlogin(java.lang.String, java.lang.String, java.lang.String)[pri:0, instance:com.testsuite.jgive.AdminLoginTest@37fb0bed]" started-at="2021-12-26T16:06:47Z" name="adminlogin" data-provider="adminlogin" finished-at="2021-12-26T16:06:48Z" duration-ms="1393" status="PASS">
          <params>
            <param index="0">
              <value>
                <![CDATA[negative]]>
              </value>
            </param>
            <param index="1">
              <value>
                <![CDATA[rashmi]]>
              </value>
            </param>
            <param index="2">
              <value>
                <![CDATA[rashmi@123]]>
              </value>
            </param>
          </params>
          <reporter-output>
          </reporter-output>
        </test-method> <!-- adminlogin -->
        <test-method is-config="true" signature="evaluateStatus(org.testng.ITestResult)[pri:0, instance:com.testsuite.jgive.AdminLoginTest@37fb0bed]" started-at="2021-12-26T16:06:48Z" name="evaluateStatus" finished-at="2021-12-26T16:06:48Z" duration-ms="2" status="PASS">
          <params>
            <param index="0">
              <value>
                <![CDATA[[TestResult name=adminlogin status=SUCCESS method=AdminLoginTest.adminlogin(java.lang.String, java.lang.String, java.lang.String)[pri:0, instance:com.testsuite.jgive.AdminLoginTest@37fb0bed] output={null}]]]>
              </value>
            </param>
          </params>
          <reporter-output>
          </reporter-output>
        </test-method> <!-- evaluateStatus -->
        <test-method signature="adminlogin(java.lang.String, java.lang.String, java.lang.String)[pri:0, instance:com.testsuite.jgive.AdminLoginTest@37fb0bed]" started-at="2021-12-26T16:06:48Z" name="adminlogin" data-provider="adminlogin" finished-at="2021-12-26T16:06:52Z" duration-ms="3916" status="PASS">
          <params>
            <param index="0">
              <value>
                <![CDATA[positive]]>
              </value>
            </param>
            <param index="1">
              <value>
                <![CDATA[ankita]]>
              </value>
            </param>
            <param index="2">
              <value>
                <![CDATA[ankita]]>
              </value>
            </param>
          </params>
          <reporter-output>
          </reporter-output>
        </test-method> <!-- adminlogin -->
        <test-method is-config="true" signature="evaluateStatus(org.testng.ITestResult)[pri:0, instance:com.testsuite.jgive.AdminLoginTest@37fb0bed]" started-at="2021-12-26T16:06:52Z" name="evaluateStatus" finished-at="2021-12-26T16:06:52Z" duration-ms="0" status="PASS">
          <params>
            <param index="0">
              <value>
                <![CDATA[[TestResult name=adminlogin status=SUCCESS method=AdminLoginTest.adminlogin(java.lang.String, java.lang.String, java.lang.String)[pri:0, instance:com.testsuite.jgive.AdminLoginTest@37fb0bed] output={null}]]]>
              </value>
            </param>
          </params>
          <reporter-output>
          </reporter-output>
        </test-method> <!-- evaluateStatus -->
        <test-method is-config="true" signature="tearDown()[pri:0, instance:com.testsuite.jgive.AdminLoginTest@37fb0bed]" started-at="2021-12-26T16:07:37Z" name="tearDown" finished-at="2021-12-26T16:07:38Z" duration-ms="446" status="PASS">
          <reporter-output>
          </reporter-output>
        </test-method> <!-- tearDown -->
      </class> <!-- com.testsuite.jgive.AdminLoginTest -->
    </test> <!-- Test -->
  </suite> <!-- Suite -->
</testng-results>
