<?xml version="1.0" encoding="UTF-8"?>
<!-- Generated by org.testng.reporters.JUnitReportReporter -->
<testsuite hostname="DESKTOP-T82OV3Q" failures="0" tests="3" name="com.testsuite.jgive.AdminOrganizationalDonorTest" time="17.398" errors="0" timestamp="26 Dec 2021 16:07:38 GMT" skipped="0">
  <testcase classname="com.testsuite.jgive.AdminOrganizationalDonorTest" name="adminorganizationaldonor" time="5.848"/>
  <testcase classname="com.testsuite.jgive.AdminOrganizationalDonorTest" name="adminorganizationaldonor" time="6.585"/>
  <testcase classname="com.testsuite.jgive.AdminOrganizationalDonorTest" name="adminorganizationaldonor" time="4.965"/>
</testsuite> <!-- com.testsuite.jgive.AdminOrganizationalDonorTest -->
