<?xml version="1.0" encoding="UTF-8"?>
<!-- Generated by org.testng.reporters.JUnitReportReporter -->
<testsuite hostname="DESKTOP-T82OV3Q" failures="0" tests="2" name="com.testsuite.jgive.AdminCampaignFieldsGroupTest" time="9.939" errors="0" timestamp="21 Apr 2021 08:12:38 GMT" skipped="0">
  <testcase classname="com.testsuite.jgive.AdminCampaignFieldsGroupTest" name="admincampaignfieldsgroup" time="5.085"/>
  <testcase classname="com.testsuite.jgive.AdminCampaignFieldsGroupTest" name="admincampaignfieldsgroup" time="4.854"/>
</testsuite> <!-- com.testsuite.jgive.AdminCampaignFieldsGroupTest -->
