<?xml version="1.0" encoding="UTF-8"?>
<!-- Generated by org.testng.reporters.JUnitReportReporter -->
<testsuite hostname="DESKTOP-T82OV3Q" failures="0" tests="2" name="com.testsuite.jgive.UserCreateCampaignTest" time="21.594" errors="0" timestamp="21 Apr 2021 08:02:49 GMT" skipped="0">
  <testcase classname="com.testsuite.jgive.UserCreateCampaignTest" name="usercampaign" time="11.939"/>
  <testcase classname="com.testsuite.jgive.UserCreateCampaignTest" name="usercampaign" time="9.655"/>
</testsuite> <!-- com.testsuite.jgive.UserCreateCampaignTest -->
