<?xml version="1.0" encoding="UTF-8"?>
<!-- Generated by org.testng.reporters.JUnitReportReporter -->
<testsuite hostname="DESKTOP-T82OV3Q" failures="0" tests="4" name="com.testsuite.jgive.UserLoginTest" time="7.992" errors="0" timestamp="21 Apr 2021 08:02:49 GMT" skipped="0">
  <testcase classname="com.testsuite.jgive.UserLoginTest" name="userlogin" time="1.860"/>
  <testcase classname="com.testsuite.jgive.UserLoginTest" name="userlogin" time="1.778"/>
  <testcase classname="com.testsuite.jgive.UserLoginTest" name="userlogin" time="2.185"/>
  <testcase classname="com.testsuite.jgive.UserLoginTest" name="userlogin" time="2.169"/>
</testsuite> <!-- com.testsuite.jgive.UserLoginTest -->
