<?xml version="1.0" encoding="UTF-8"?>
<!-- Generated by org.testng.reporters.JUnitReportReporter -->
<testsuite hostname="DESKTOP-T82OV3Q" failures="0" tests="2" name="com.testsuite.jgive.AdminLoginTest" time="5.311" errors="0" timestamp="26 Dec 2021 16:07:38 GMT" skipped="0">
  <testcase classname="com.testsuite.jgive.AdminLoginTest" name="adminlogin" time="3.918"/>
  <testcase classname="com.testsuite.jgive.AdminLoginTest" name="adminlogin" time="1.393"/>
</testsuite> <!-- com.testsuite.jgive.AdminLoginTest -->
