<?xml version="1.0" encoding="UTF-8"?>
<!-- Generated by org.testng.reporters.JUnitReportReporter -->
<testsuite hostname="DESKTOP-T82OV3Q" failures="0" tests="2" name="com.testsuite.jgive.AdminVendorsTest" time="20.755" errors="0" timestamp="21 Apr 2021 07:57:28 GMT" skipped="0">
  <testcase classname="com.testsuite.jgive.AdminVendorsTest" name="adminvendors" time="10.721"/>
  <testcase classname="com.testsuite.jgive.AdminVendorsTest" name="adminvendors" time="10.034"/>
</testsuite> <!-- com.testsuite.jgive.AdminVendorsTest -->
