<?xml version="1.0" encoding="UTF-8"?>
<!-- Generated by org.testng.reporters.JUnitReportReporter -->
<testsuite hostname="DESKTOP-T82OV3Q" failures="0" tests="3" name="com.testsuite.jgive.AdminCampaignsTest" time="42.567" errors="0" timestamp="24 Dec 2021 08:51:35 GMT" skipped="0">
  <testcase classname="com.testsuite.jgive.AdminCampaignsTest" name="admincampaign" time="11.016"/>
  <testcase classname="com.testsuite.jgive.AdminCampaignsTest" name="admincampaign" time="17.857"/>
  <testcase classname="com.testsuite.jgive.AdminCampaignsTest" name="admincampaign" time="13.694"/>
</testsuite> <!-- com.testsuite.jgive.AdminCampaignsTest -->
