<?xml version="1.0" encoding="UTF-8"?>
<!-- Generated by org.testng.reporters.JUnitReportReporter -->
<testsuite hostname="DESKTOP-T82OV3Q" failures="0" tests="4" name="com.testsuite.jgive.AdminIndividualDonorTest" time="23.589" errors="0" timestamp="26 Dec 2021 16:07:38 GMT" skipped="0">
  <testcase classname="com.testsuite.jgive.AdminIndividualDonorTest" name="adminindividualdonors" time="8.123"/>
  <testcase classname="com.testsuite.jgive.AdminIndividualDonorTest" name="adminindividualdonors" time="7.277"/>
  <testcase classname="com.testsuite.jgive.AdminIndividualDonorTest" name="adminindividualdonors" time="3.529"/>
  <testcase classname="com.testsuite.jgive.AdminIndividualDonorTest" name="adminindividualdonors" time="4.660"/>
</testsuite> <!-- com.testsuite.jgive.AdminIndividualDonorTest -->
